mode: set
bytecourses/internal/auth/memsession/memsession.go:21.36,26.2 1 0
bytecourses/internal/auth/memsession/memsession.go:28.72,30.40 2 0
bytecourses/internal/auth/memsession/memsession.go:30.40,32.3 1 0
bytecourses/internal/auth/memsession/memsession.go:34.2,44.24 6 0
bytecourses/internal/auth/memsession/memsession.go:47.62,53.39 5 0
bytecourses/internal/auth/memsession/memsession.go:53.39,56.3 2 0
bytecourses/internal/auth/memsession/memsession.go:58.2,58.29 1 0
bytecourses/internal/auth/memsession/memsession.go:61.45,65.2 3 0
bytecourses/internal/auth/password.go:9.30,10.54 1 0
bytecourses/internal/auth/password.go:10.54,12.3 1 0
bytecourses/internal/auth/password.go:15.52,18.2 2 0
bytecourses/internal/auth/password.go:20.56,23.2 2 0
bytecourses/internal/http/middleware/auth.go:10.130,12.16 2 0
bytecourses/internal/http/middleware/auth.go:12.16,15.3 2 0
bytecourses/internal/http/middleware/auth.go:17.2,18.9 2 0
bytecourses/internal/http/middleware/auth.go:18.9,21.3 2 0
bytecourses/internal/http/middleware/auth.go:23.2,24.14 2 0
bytecourses/internal/http/middleware/auth.go:27.135,29.9 2 0
bytecourses/internal/http/middleware/auth.go:29.9,31.3 1 0
bytecourses/internal/http/middleware/auth.go:32.2,32.39 1 0
bytecourses/internal/http/middleware/auth.go:32.39,34.3 1 0
bytecourses/internal/http/middleware/auth.go:35.2,35.19 1 0
bytecourses/internal/store/memstore/proposals.go:17.40,22.2 1 1
bytecourses/internal/store/memstore/proposals.go:24.87,36.2 8 1
bytecourses/internal/store/memstore/proposals.go:38.97,42.38 3 1
bytecourses/internal/store/memstore/proposals.go:42.38,44.3 1 1
bytecourses/internal/store/memstore/proposals.go:45.2,45.19 1 0
bytecourses/internal/store/memstore/proposals.go:48.108,53.36 4 1
bytecourses/internal/store/memstore/proposals.go:53.36,54.24 1 1
bytecourses/internal/store/memstore/proposals.go:54.24,56.4 1 1
bytecourses/internal/store/memstore/proposals.go:59.2,59.17 1 1
bytecourses/internal/store/memstore/proposals.go:62.99,67.36 4 1
bytecourses/internal/store/memstore/proposals.go:67.36,68.49 1 1
bytecourses/internal/store/memstore/proposals.go:68.49,70.4 1 1
bytecourses/internal/store/memstore/proposals.go:73.2,73.17 1 1
bytecourses/internal/store/memstore/proposals.go:76.87,80.49 3 1
bytecourses/internal/store/memstore/proposals.go:80.49,82.3 1 0
bytecourses/internal/store/memstore/proposals.go:84.2,85.12 2 1
bytecourses/internal/store/memstore/proposals.go:88.81,92.47 3 1
bytecourses/internal/store/memstore/proposals.go:92.47,94.3 1 0
bytecourses/internal/store/memstore/proposals.go:96.2,97.12 2 1
bytecourses/internal/store/memstore/users.go:18.32,24.2 1 1
bytecourses/internal/store/memstore/users.go:26.75,30.51 3 1
bytecourses/internal/store/memstore/users.go:30.51,32.6 1 0
bytecourses/internal/store/memstore/users.go:34.5,41.15 6 1
bytecourses/internal/store/memstore/users.go:44.85,48.37 3 1
bytecourses/internal/store/memstore/users.go:48.37,50.6 1 1
bytecourses/internal/store/memstore/users.go:51.5,51.22 1 1
bytecourses/internal/store/memstore/users.go:54.92,59.12 4 1
bytecourses/internal/store/memstore/users.go:59.12,61.6 1 1
bytecourses/internal/store/memstore/users.go:63.5,63.35 1 1
bytecourses/internal/store/memstore/users.go:66.75,70.48 3 1
bytecourses/internal/store/memstore/users.go:70.48,72.6 1 1
bytecourses/internal/store/memstore/users.go:74.5,76.15 3 1
